app/build/outputs/mapping/debug/mapping.txt
# compiler: R8
# compiler_version: 1.4.94
# min_api: 15
himanshu.projects.sphtech.DataBinderMapperImpl -> d.a.a.a:
    android.util.SparseIntArray INTERNAL_LAYOUT_ID_LOOKUP -> a
    23:27:void <clinit>() -> <clinit>
    20:20:void <init>() -> <init>
    31:46:androidx.databinding.ViewDataBinding getDataBinder(androidx.databinding.DataBindingComponent,android.view.View,int) -> a
    51:52:androidx.databinding.ViewDataBinding getDataBinder(androidx.databinding.DataBindingComponent,android.view.View[],int) -> a
    83:85:java.util.List collectDependencies() -> a
himanshu.projects.sphtech.R$id -> d.a.a.b:
himanshu.projects.sphtech.SPHTech -> himanshu.projects.sphtech.SPHTech:
    7:7:void <init>() -> <init>
    13:15:void attachBaseContext(android.content.Context) -> attachBaseContext
    9:10:void onCreate() -> onCreate
    18:19:void onTerminate() -> onTerminate
himanshu.projects.sphtech.databinding.ActivityMainBinding -> d.a.a.a.a:
    himanshu.projects.sphtech.viewModel.MainViewModel mMain -> p
    29:32:void <init>(java.lang.Object,android.view.View,int,android.widget.ProgressBar,androidx.recyclerview.widget.RecyclerView) -> <init>
    void setMain(himanshu.projects.sphtech.viewModel.MainViewModel) -> a
    38:38:himanshu.projects.sphtech.viewModel.MainViewModel getMain() -> i
himanshu.projects.sphtech.databinding.ActivityMainBindingImpl -> d.a.a.a.b:
    android.util.SparseIntArray sViewsWithIds -> q
    androidx.constraintlayout.widget.ConstraintLayout mboundView0 -> r
    long mDirtyFlags -> s
    15:19:void <clinit>() -> <clinit>
    29:30:void <init>(androidx.databinding.DataBindingComponent,android.view.View) -> <init>
    32:41:void <init>(androidx.databinding.DataBindingComponent,android.view.View,java.lang.Object[]) -> <init>
    74:75:void setMain(himanshu.projects.sphtech.viewModel.MainViewModel) -> a
    86:90:void executeBindings() -> c
    53:57:boolean hasPendingBindings() -> f
    45:47:void invalidateAll() -> j
himanshu.projects.sphtech.model.datamodel.Datastore -> d.a.a.b.a.a:
    himanshu.projects.sphtech.model.datamodel.Result result -> a
    18:15:void <init>() -> <init>
    15:15:himanshu.projects.sphtech.model.datamodel.Result getResult() -> a
himanshu.projects.sphtech.model.datamodel.Records -> d.a.a.b.a.b:
    java.lang.String volume_of_mobile_data -> a
    java.lang.String quarter -> b
    5:5:void <init>() -> <init>
    10:10:java.lang.String getQuarter() -> a
    8:8:java.lang.String getVolume_of_mobile_data() -> b
himanshu.projects.sphtech.model.datamodel.RecordsForQuarter -> d.a.a.b.a.c:
    java.lang.String volume_of_mobile_data -> a
    java.lang.String quarter -> c
    java.lang.String year -> b
    12:14:void <init>(java.lang.String,java.lang.String,java.lang.String) -> <init>
    9:9:java.lang.String getQuarter() -> a
    7:7:java.lang.String getVolume_of_mobile_data() -> b
    8:8:java.lang.String getYear() -> c
himanshu.projects.sphtech.model.datamodel.RecordsForYear -> d.a.a.b.a.d:
    java.lang.String volume_of_mobile_data -> a
    java.util.ArrayList recordsForQuarter -> d
    java.lang.String year -> b
    boolean isDecrease -> c
    14:17:void <init>(java.lang.String,java.lang.String,java.util.ArrayList,boolean) -> <init>
    10:10:java.util.ArrayList getRecordsForQuarter() -> a
    8:8:java.lang.String getYear() -> b
    9:9:boolean isDecrease() -> c
himanshu.projects.sphtech.model.datamodel.Result -> d.a.a.b.a.e:
    java.util.ArrayList records -> a
    13:7:void <init>() -> <init>
    11:11:java.util.ArrayList getRecords() -> a
himanshu.projects.sphtech.utility.Utils -> d.a.a.c.a:
    10:27:boolean checkInternetConnection(android.content.Context) -> a
...
androidx.lifecycle.LiveData$1 -> a.m.o:
    androidx.lifecycle.LiveData this$0 -> a
    82:82:void <init>(androidx.lifecycle.LiveData) -> <init>
    86:89:void run() -> run
androidx.lifecycle.LiveData$LifecycleBoundObserver -> androidx.lifecycle.LiveData$LifecycleBoundObserver:
    androidx.lifecycle.LiveData this$0 -> f
    androidx.lifecycle.LifecycleOwner mOwner -> e
    360:363:void <init>(androidx.lifecycle.LiveData,androidx.lifecycle.LifecycleOwner,androidx.lifecycle.Observer) -> <init>
    372:377:void onStateChanged(androidx.lifecycle.LifecycleOwner,androidx.lifecycle.Lifecycle$Event) -> a
    381:381:boolean isAttachedTo(androidx.lifecycle.LifecycleOwner) -> a
    386:387:void detachObserver() -> a
    367:367:boolean shouldBeActive() -> b
androidx.lifecycle.LiveData$ObserverWrapper -> androidx.lifecycle.LiveData$a:
    androidx.lifecycle.Observer mObserver -> a
    androidx.lifecycle.LiveData this$0 -> d
    boolean mActive -> b
    int mLastVersion -> c
    395:397:void <init>(androidx.lifecycle.LiveData,androidx.lifecycle.Observer) -> <init>
    402:402:boolean isAttachedTo(androidx.lifecycle.LifecycleOwner) -> a
    406:406:void detachObserver() -> a
    409:426:void activeStateChanged(boolean) -> a
    boolean shouldBeActive() -> b
androidx.lifecycle.MethodCallsLogger -> a.m.p:
    28:29:void <init>() -> <init>
androidx.lifecycle.MutableLiveData -> a.m.q:
    25:25:void <init>() -> <init>
    33:34:void setValue(java.lang.Object) -> a
androidx.lifecycle.Observer -> a.m.r:
    void onChanged(java.lang.Object) -> a
androidx.lifecycle.OnLifecycleEvent -> a.m.s:
androidx.lifecycle.ProcessLifecycleOwner -> a.m.w:
    android.os.Handler mHandler -> f
    androidx.lifecycle.LifecycleRegistry mRegistry -> g
    java.lang.Runnable mDelayedPauseRunnable -> h
    androidx.lifecycle.ReportFragment$ActivityInitializationListener mInitializationListener -> i
    androidx.lifecycle.ProcessLifecycleOwner sInstance -> a
    boolean mStopSent -> e
    int mStartedCounter -> b
    int mResumedCounter -> c
    boolean mPauseSent -> d
    89:89:void <clinit>() -> <clinit>
    151:152:void <init>() -> <init>
    155:174:void attach(android.content.Context) -> a
    179:179:androidx.lifecycle.Lifecycle getLifecycle() -> a
    102:103:void init(android.content.Context) -> b
    126:130:void activityPaused() -> b
    114:123:void activityResumed() -> c
    106:111:void activityStarted() -> d
    133:135:void activityStopped() -> e
    138:142:void dispatchPauseIfNeeded() -> f
    145:149:void dispatchStopIfNeeded() -> g
androidx.lifecycle.ProcessLifecycleOwner$1 -> a.m.t:
    androidx.lifecycle.ProcessLifecycleOwner this$0 -> a
    64:64:void <init>(androidx.lifecycle.ProcessLifecycleOwner) -> <init>
    67:69:void run() -> run
androidx.lifecycle.ProcessLifecycleOwner$2 -> a.m.u:
    androidx.lifecycle.ProcessLifecycleOwner this$0 -> a
    73:73:void <init>(androidx.lifecycle.ProcessLifecycleOwner) -> <init>
    76:76:void onCreate() -> a
    85:86:void onResume() -> b
    80:81:void onStart() -> c
androidx.lifecycle.ProcessLifecycleOwner$3 -> a.m.v:
    androidx.lifecycle.ProcessLifecycleOwner this$0 -> a
    158:158:void <init>(androidx.lifecycle.ProcessLifecycleOwner) -> <init>
    161:162:void onActivityCreated(android.app.Activity,android.os.Bundle) -> onActivityCreated
    166:167:void onActivityPaused(android.app.Activity) -> onActivityPaused
    171:172:void onActivityStopped(android.app.Activity) -> onActivityStopped